Arguments: 
  D:\Program Files (x86)\nodeJs\node.exe D:\Program Files (x86)\Yarn\bin\yarn.js add queryString

PATH: 
  C:\Program Files\Common Files\Oracle\Java\javapath;C:\Program Files (x86)\Microsoft SDKs\Azure\CLI2\wbin;D:\Program Files (x86)\MySQL\MySQL Server 8.0\bin;D:\Program Files (x86)\Anaconda3-2021.11;D:\Program Files (x86)\Anaconda3-2021.11\Library\mingw-w64\bin;D:\Program Files (x86)\Anaconda3-2021.11\Library\usr\bin;D:\Program Files (x86)\Anaconda3-2021.11\Library\bin;D:\Program Files (x86)\Anaconda3-2021.11\Scripts;C:\Windows\system32;C:\Windows;C:\Windows\System32\Wbem;C:\Windows\System32\WindowsPowerShell\v1.0\;C:\Windows\System32\OpenSSH\;D:\Program Files (x86)\Git\cmd;D:\Program Files (x86)\nodeJs\node\node_global\node_modules;%D:\Program Files (x86)\golang_sdk\go\bin%;D:\Program Files (x86)\nodeJs\;C:\Program Files (x86)\Microsoft SQL Server\100\Tools\Binn\;C:\Program Files\Microsoft SQL Server\100\Tools\Binn\;C:\Program Files\Microsoft SQL Server\100\DTS\Binn\;D:\Program Files (x86)\Yarn\bin\;C:\Program Files\MongoDB\Server\3.2\bin;C:\Program Files\dotnet\;C:\Program Files (x86)\Tencent\微信web开发者工具\dll;D:\Program Files (x86)\JAVA\jdk17\bin;D:\Program Files (x86)\python\python3.8.10\Scripts\;D:\Program Files (x86)\python\python3.8.10\;C:\Users\Administrator.WIN-01MODA62V3T\AppData\Local\Microsoft\WindowsApps;C:\Program Files (x86)\Tencent\QQGameTempest\Hall.57768\;D:\Program Files (x86)\Vscode\Microsoft VS Code\bin;C:\Program Files\Bandizip\;D:\Program Files (x86)\PyCharm 2021.2.2\bin;D:\Program Files (x86)\WebStorm 2021.3.3\bin;D:\Program Files (x86)\mingw64\bin;D:\Program Files (x86)\nodeJs\node\node_global;%D:\Program Files (x86)\golang_sdk\go\bin%;C:\Users\Administrator.WIN-01MODA62V3T\AppData\Local\atom\bin;C:\Users\Administrator.WIN-01MODA62V3T\AppData\Roaming\npm;C:\Users\Administrator.WIN-01MODA62V3T\AppData\Local\Yarn\bin;C:\Users\Administrator.WIN-01MODA62V3T\.dotnet\tools

Yarn version: 
  1.22.4

Node version: 
  14.19.2

Platform: 
  win32 x64

Trace: 
  Error: http://registry.npm.taobao.org/queryString: [NOT_FOUND] queryString not found
      at Request.params.callback [as _callback] (D:\Program Files (x86)\Yarn\lib\cli.js:66096:18)
      at Request.self.callback (D:\Program Files (x86)\Yarn\lib\cli.js:140748:22)
      at Request.emit (events.js:400:28)
      at Request.<anonymous> (D:\Program Files (x86)\Yarn\lib\cli.js:141720:10)
      at Request.emit (events.js:400:28)
      at Gunzip.<anonymous> (D:\Program Files (x86)\Yarn\lib\cli.js:141642:12)
      at Object.onceWrapper (events.js:519:28)
      at Gunzip.emit (events.js:400:28)
      at endReadableNT (internal/streams/readable.js:1333:12)
      at processTicksAndRejections (internal/process/task_queues.js:82:21)

npm manifest: 
  {
    "dependencies": {
      "mysql": "^2.18.1"
    }
  }

yarn manifest: 
  No manifest

Lockfile: 
  No lockfile
